c:\users\mushroomish\documents\programming\sisteminis_antras_sav\antras\antras\x64\release\antras.pch
c:\users\mushroomish\documents\programming\sisteminis_antras_sav\antras\antras\x64\release\vc143.pdb
c:\users\mushroomish\documents\programming\sisteminis_antras_sav\antras\antras\x64\release\pch.obj
c:\users\mushroomish\documents\programming\sisteminis_antras_sav\antras\antras\x64\release\form1.obj
c:\users\mushroomish\documents\programming\sisteminis_antras_sav\antras\antras\x64\release\cppclr_winformsproject.obj
c:\users\mushroomish\documents\programming\sisteminis_antras_sav\antras\antras\x64\release\assemblyinfo.obj
c:\users\mushroomish\documents\programming\sisteminis_antras_sav\antras\antras\x64\release\.netframework,version=v4.7.2.assemblyattributes.obj
c:\users\mushroomish\documents\programming\sisteminis_antras_sav\antras\x64\release\antras.exe
c:\users\mushroomish\documents\programming\sisteminis_antras_sav\antras\x64\release\antras.pdb
c:\users\mushroomish\documents\programming\sisteminis_antras_sav\antras\antras\x64\release\app.res
c:\users\mushroomish\documents\programming\sisteminis_antras_sav\antras\antras\x64\release\antras.tlog\cl.command.1.tlog
c:\users\mushroomish\documents\programming\sisteminis_antras_sav\antras\antras\x64\release\antras.tlog\cl.read.1.tlog
c:\users\mushroomish\documents\programming\sisteminis_antras_sav\antras\antras\x64\release\antras.tlog\cl.write.1.tlog
c:\users\mushroomish\documents\programming\sisteminis_antras_sav\antras\antras\x64\release\antras.tlog\link.command.1.tlog
c:\users\mushroomish\documents\programming\sisteminis_antras_sav\antras\antras\x64\release\antras.tlog\link.read.1.tlog
c:\users\mushroomish\documents\programming\sisteminis_antras_sav\antras\antras\x64\release\antras.tlog\link.write.1.tlog
c:\users\mushroomish\documents\programming\sisteminis_antras_sav\antras\antras\x64\release\antras.tlog\metagen.read.1.tlog
c:\users\mushroomish\documents\programming\sisteminis_antras_sav\antras\antras\x64\release\antras.tlog\metagen.write.1.tlog
c:\users\mushroomish\documents\programming\sisteminis_antras_sav\antras\antras\x64\release\antras.tlog\rc.command.1.tlog
c:\users\mushroomish\documents\programming\sisteminis_antras_sav\antras\antras\x64\release\antras.tlog\rc.read.1.tlog
c:\users\mushroomish\documents\programming\sisteminis_antras_sav\antras\antras\x64\release\antras.tlog\rc.write.1.tlog
c:\users\mushroomish\documents\programming\sisteminis_antras_sav\antras\antras\x64\release\antras.tlog\resgen.command.1.tlog
c:\users\mushroomish\documents\programming\sisteminis_antras_sav\antras\antras\x64\release\antras.tlog\resgen.read.1.tlog
c:\users\mushroomish\documents\programming\sisteminis_antras_sav\antras\antras\x64\release\antras.tlog\resgen.write.1.tlog
